<?xml version="1.0" encoding="UTF-8"?>
<!-- Generated by org.testng.reporters.JUnitXMLReporter -->
<testsuite ignored="2" hostname="PQA-0591LT" failures="0" tests="2" name="Test" time="0.132" errors="0" timestamp="2023-10-09T22:59:17 EDT">
  <testcase classname="com.obsqura.tests.BaseTest" name="@BeforeClass InitializeDriver" time="0.026">
    <failure type="java.lang.NullPointerException" message="Cannot invoke &amp;quot;String.toUpperCase()&amp;quot; because &amp;quot;browserName&amp;quot; is null">
      <![CDATA[java.lang.NullPointerException: Cannot invoke "String.toUpperCase()" because "browserName" is null
at com.obsqura.tests.BaseTest.getDriver(BaseTest.java:47)
at com.obsqura.tests.BaseTest.InitializeDriver(BaseTest.java:38)
at java.base/java.util.ArrayList.forEach(ArrayList.java:1511)
... Removed 25 stack frames]]>
    </failure>
  </testcase> <!-- @BeforeClass InitializeDriver -->
  <testcase classname="com.obsqura.tests.BaseTest" name="@AfterClass TearDown" time="0.002">
    <failure type="java.lang.NullPointerException" message="Cannot invoke &amp;quot;org.openqa.selenium.WebDriver.quit()&amp;quot; because &amp;quot;this.driver&amp;quot; is null">
      <![CDATA[java.lang.NullPointerException: Cannot invoke "org.openqa.selenium.WebDriver.quit()" because "this.driver" is null
at com.obsqura.tests.BaseTest.TearDown(BaseTest.java:78)
at java.base/java.util.ArrayList.forEach(ArrayList.java:1511)
... Removed 25 stack frames]]>
    </failure>
  </testcase> <!-- @AfterClass TearDown -->
  <testcase classname="com.obsqura.tests.BaseTest" name="@BeforeClass InitializeDriver" time="0.003">
    <failure type="java.lang.NullPointerException" message="Cannot invoke &amp;quot;String.toUpperCase()&amp;quot; because &amp;quot;browserName&amp;quot; is null">
      <![CDATA[java.lang.NullPointerException: Cannot invoke "String.toUpperCase()" because "browserName" is null
at com.obsqura.tests.BaseTest.getDriver(BaseTest.java:47)
at com.obsqura.tests.BaseTest.InitializeDriver(BaseTest.java:38)
at java.base/java.util.ArrayList.forEach(ArrayList.java:1511)
... Removed 25 stack frames]]>
    </failure>
  </testcase> <!-- @BeforeClass InitializeDriver -->
  <testcase classname="com.obsqura.tests.BaseTest" name="@AfterClass TearDown" time="0.0">
    <failure type="java.lang.NullPointerException" message="Cannot invoke &amp;quot;org.openqa.selenium.WebDriver.quit()&amp;quot; because &amp;quot;this.driver&amp;quot; is null">
      <![CDATA[java.lang.NullPointerException: Cannot invoke "org.openqa.selenium.WebDriver.quit()" because "this.driver" is null
at com.obsqura.tests.BaseTest.TearDown(BaseTest.java:78)
at java.base/java.util.ArrayList.forEach(ArrayList.java:1511)
... Removed 25 stack frames]]>
    </failure>
  </testcase> <!-- @AfterClass TearDown -->
  <testcase classname="com.obsqura.tests.CreateDeleteExpenseTest" name="ManageExpenseTest" time="0.0">
    <skipped/>
  </testcase> <!-- ManageExpenseTest -->
  <testcase classname="com.obsqura.tests.SearchProductTest" name="SearchProduct" time="0.0">
    <skipped/>
  </testcase> <!-- SearchProduct -->
  <testcase classname="com.obsqura.tests.UpdatePaymentTest" name="UpdateCreditPayment" time="0.0">
    <ignored/>
  </testcase> <!-- UpdateCreditPayment -->
  <testcase classname="com.obsqura.tests.LoginTest" name="MyLoginTest" time="0.0">
    <ignored/>
  </testcase> <!-- MyLoginTest -->
</testsuite> <!-- Test -->
